Arguments: 
  C:\Program Files\nodejs\node.exe C:\Users\Андрей\AppData\Roaming\npm\node_modules\yarn\bin\yarn.js init

PATH: 
  C:\Python39\Scripts\;C:\Python39\;C:\Program Files (x86)\NetSarang\Xshell 6\;C:\WINDOWS\system32;C:\WINDOWS;C:\WINDOWS\System32\Wbem;C:\WINDOWS\System32\WindowsPowerShell\v1.0\;C:\WINDOWS\System32\OpenSSH\;C:\Program Files\Intel\WiFi\bin\;C:\Program Files\Common Files\Intel\WirelessCommon\;C:\Program Files (x86)\PuTTY\;C:\Program Files\dotnet\;C:\Program Files\Microsoft SQL Server\130\Tools\Binn\;C:\Program Files\Git\cmd;C:\Program Files\nodejs\;C:\ProgramData\chocolatey\bin;C:\Users\Андрей\AppData\Local\Microsoft\WindowsApps;C:\Program Files\Intel\WiFi\bin\;C:\Program Files\Common Files\Intel\WirelessCommon\;C:\Users\Андрей\.dotnet\tools;C:\Users\Андрей\AppData\Roaming\npm

Yarn version: 
  1.22.10

Node version: 
  12.19.0

Platform: 
  win32 x64

Trace: 
  Error: canceled
      at Interface.<anonymous> (C:\Users\Андрей\AppData\Roaming\npm\node_modules\yarn\lib\cli.js:136216:13)
      at Interface.emit (events.js:314:20)
      at Interface._ttyWrite (readline.js:868:16)
      at ReadStream.onkeypress (readline.js:205:10)
      at ReadStream.emit (events.js:314:20)
      at emitKeys (internal/readline/utils.js:335:14)
      at emitKeys.next (<anonymous>)
      at ReadStream.onData (readline.js:1137:36)
      at ReadStream.emit (events.js:314:20)
      at addChunk (_stream_readable.js:298:12)

npm manifest: 
  {
    "name": "oxygentools",
    "version": "1.0.0",
    "description": "Для того, чтобы создать параграф с использованием синтаксиса языка Markdown, достаточно отделить строки текста одной (или более) пустой строкой (пустой считается всякая строка, которая не содержит в себе ничего, кроме пробелов и символов табуляции). Для того, чтобы вставить видимый перенос строки (элемент <br/>) необходимо окончить строку двумя пробелами и нажатием клавиши «Enter». Многие элементы синтаксиса Markdown выглядят и работают гораздо лучше в случае, когда их форматируют с помощью «жесткого перевода строк» (разделение строк, осуществленное самим пользователем, а не программой автоматически). К таким элементам относятся цитаты, списки и пр.",
    "main": "index.js",
    "scripts": {
      "test": "echo \"Error: no test specified\" && exit 1"
    },
    "repository": {
      "type": "git",
      "url": "git+https://github.com/andriirudk/oxygentools.git"
    },
    "keywords": [],
    "author": "",
    "license": "ISC",
    "bugs": {
      "url": "https://github.com/andriirudk/oxygentools/issues"
    },
    "homepage": "https://github.com/andriirudk/oxygentools#readme",
    "dependencies": {
      "normalize.css": "^8.0.1"
    }
  }

yarn manifest: 
  No manifest

Lockfile: 
  No lockfile
